0 info it worked if it ends with ok
1 verbose cli [ '/usr/local/Cellar/node012/0.12.7/bin/node',
1 verbose cli   '/usr/local/bin/npm',
1 verbose cli   'run',
1 verbose cli   'api' ]
2 info using npm@3.10.8
3 info using node@v5.4.1
4 verbose run-script [ 'preapi', 'api', 'postapi' ]
5 info lifecycle react-user-base@1.0.0~preapi: react-user-base@1.0.0
6 silly lifecycle react-user-base@1.0.0~preapi: no script for preapi, continuing
7 info lifecycle react-user-base@1.0.0~api: react-user-base@1.0.0
8 verbose lifecycle react-user-base@1.0.0~api: unsafe-perm in lifecycle true
9 verbose lifecycle react-user-base@1.0.0~api: PATH: /usr/local/lib/node_modules/npm/bin/node-gyp-bin:/Users/andrewhathaway/Documents/bblocal/react-user-base/node_modules/.bin:/usr/local/Cellar/node012/0.12.7/bin:/Users/andrewhathaway/.rvm/gems/ruby-2.2.0/bin:/Users/andrewhathaway/.rvm/gems/ruby-2.2.0@global/bin:/Users/andrewhathaway/.rvm/rubies/ruby-2.2.0/bin:/Library/Frameworks/Python.framework/Versions/3.4/bin:/opt/local/bin:/opt/local/sbin:/usr/local/mysql/bin:/usr/local/bin:/usr/bin:/bin:/usr/sbin:/sbin:/opt/X11/bin:/usr/local/go/bin:/Users/andrewhathaway/.rvm/bin:/Users/andrewhathaway/.rvm/bin:/usr/local/go/bin
10 verbose lifecycle react-user-base@1.0.0~api: CWD: /Users/andrewhathaway/Documents/bblocal/react-user-base
11 silly lifecycle react-user-base@1.0.0~api: Args: [ '-c', 'cd ~/work/src/github.com/user-base && go run main.go' ]
12 silly lifecycle react-user-base@1.0.0~api: Returned: code: 2  signal: null
13 info lifecycle react-user-base@1.0.0~api: Failed to exec api script
14 verbose stack Error: react-user-base@1.0.0 api: `cd ~/work/src/github.com/user-base && go run main.go`
14 verbose stack Exit status 2
14 verbose stack     at EventEmitter.<anonymous> (/usr/local/lib/node_modules/npm/lib/utils/lifecycle.js:255:16)
14 verbose stack     at emitTwo (events.js:87:13)
14 verbose stack     at EventEmitter.emit (events.js:172:7)
14 verbose stack     at ChildProcess.<anonymous> (/usr/local/lib/node_modules/npm/lib/utils/spawn.js:40:14)
14 verbose stack     at emitTwo (events.js:87:13)
14 verbose stack     at ChildProcess.emit (events.js:172:7)
14 verbose stack     at maybeClose (internal/child_process.js:821:16)
14 verbose stack     at Process.ChildProcess._handle.onexit (internal/child_process.js:211:5)
15 verbose pkgid react-user-base@1.0.0
16 verbose cwd /Users/andrewhathaway/Documents/bblocal/react-user-base
17 error Darwin 14.5.0
18 error argv "/usr/local/Cellar/node012/0.12.7/bin/node" "/usr/local/bin/npm" "run" "api"
19 error node v5.4.1
20 error npm  v3.10.8
21 error code ELIFECYCLE
22 error react-user-base@1.0.0 api: `cd ~/work/src/github.com/user-base && go run main.go`
22 error Exit status 2
23 error Failed at the react-user-base@1.0.0 api script 'cd ~/work/src/github.com/user-base && go run main.go'.
23 error Make sure you have the latest version of node.js and npm installed.
23 error If you do, this is most likely a problem with the react-user-base package,
23 error not with npm itself.
23 error Tell the author that this fails on your system:
23 error     cd ~/work/src/github.com/user-base && go run main.go
23 error You can get information on how to open an issue for this project with:
23 error     npm bugs react-user-base
23 error Or if that isn't available, you can get their info via:
23 error     npm owner ls react-user-base
23 error There is likely additional logging output above.
24 verbose exit [ 1, true ]
